<?xml version="1.0" encoding="utf-8" standalone="no"?>
<test-run start-time="2019-04-19 17:56:55Z">
  <command-line><![CDATA[C:\Users\Administrator\Desktop\FSE-ProjectManager\ProjectManager_Server\packages\NUnit.ConsoleRunner.3.10.0\tools\nunit3-console.exe  C:\Users\Administrator\Desktop\FSE-ProjectManager\ProjectManager_Server\ProjectManager.Tests\bin\Debug\ProjectManager.Tests.dll]]></command-line>
</test-run>